Mobile Application/IR Example/IR Example/app/build/intermediates/manifest_merge_blame_file/debug/manifest-merger-blame-debug-report.txt
1<?xml version="1.0" encoding="utf-8"?>
2<manifest xmlns:android="http://schemas.android.com/apk/res/android"
3    package="com.ir.example"
4    android:versionCode="1"
5    android:versionName="1.0" >
6
7    <uses-sdk
8        android:minSdkVersion="21"
8-->src\main\AndroidManifest.xml
9        android:targetSdkVersion="30" />
9-->src\main\AndroidManifest.xml
10
11    <uses-permission android:name="android.permission.ACCESS_NETWORK_STATE" />
11-->src\main\AndroidManifest.xml:6:5-79
11-->src\main\AndroidManifest.xml:6:22-76
12    <uses-permission android:name="android.permission.INTERNET" />
12-->src\main\AndroidManifest.xml:7:5-67
12-->src\main\AndroidManifest.xml:7:22-64
13    <uses-permission android:name="android.permission.FOREGROUND_SERVICE" />
13-->src\main\AndroidManifest.xml:8:5-77
13-->src\main\AndroidManifest.xml:8:22-74
14    <uses-permission android:name="android.permission.CHANGE_NETWORK_STATE" />
14-->src\main\AndroidManifest.xml:9:5-79
14-->src\main\AndroidManifest.xml:9:22-76
15    <uses-permission android:name="android.permission.ACCESS_WIFI_STATE" />
15-->src\main\AndroidManifest.xml:10:5-76
15-->src\main\AndroidManifest.xml:10:22-73
16    <uses-permission android:name="android.permission.CHANGE_WIFI_STATE" />
16-->src\main\AndroidManifest.xml:11:5-76
16-->src\main\AndroidManifest.xml:11:22-73
17    <uses-permission android:name="android.permission.WAKE_LOCK" />
17-->[androidx.work:work-runtime:2.3.4] AndroidManifest.xml:25:5-68
17-->[androidx.work:work-runtime:2.3.4] AndroidManifest.xml:25:22-65
18    <uses-permission android:name="android.permission.RECEIVE_BOOT_COMPLETED" />
18-->[androidx.work:work-runtime:2.3.4] AndroidManifest.xml:27:5-81
18-->[androidx.work:work-runtime:2.3.4] AndroidManifest.xml:27:22-78
19
20    <application
20-->src\main\AndroidManifest.xml:17:5-52:19
21        android:name="com.ir.example.IRApplication"
21-->src\main\AndroidManifest.xml:18:9-52
22        android:allowBackup="false"
22-->src\main\AndroidManifest.xml:19:9-36
23        android:appComponentFactory="androidx.core.app.CoreComponentFactory"
23-->[androidx.core:core:1.7.0] AndroidManifest.xml:24:18-86
24        android:debuggable="true"
25        android:hardwareAccelerated="true"
25-->src\main\AndroidManifest.xml:20:9-43
26        android:icon="@mipmap/ic_launcher"
26-->src\main\AndroidManifest.xml:21:9-43
27        android:label="@string/app_name"
27-->src\main\AndroidManifest.xml:22:9-41
28        android:requestLegacyExternalStorage="true"
28-->src\main\AndroidManifest.xml:23:9-52
29        android:supportsRtl="true"
29-->src\main\AndroidManifest.xml:24:9-35
30        android:testOnly="true" >
31        <activity
31-->src\main\AndroidManifest.xml:28:9-37:20
32            android:name="com.ir.example.PahoExampleActivity"
32-->src\main\AndroidManifest.xml:29:13-62
33            android:exported="true"
33-->src\main\AndroidManifest.xml:31:13-36
34            android:screenOrientation="portrait"
34-->src\main\AndroidManifest.xml:30:13-49
35            android:theme="@style/Theme.AppCompat" >
35-->src\main\AndroidManifest.xml:32:13-51
36            <intent-filter>
36-->src\main\AndroidManifest.xml:33:13-36:29
37                <action android:name="android.intent.action.MAIN" />
37-->src\main\AndroidManifest.xml:34:17-69
37-->src\main\AndroidManifest.xml:34:25-66
38
39                <category android:name="android.intent.category.LAUNCHER" />
39-->src\main\AndroidManifest.xml:35:17-77
39-->src\main\AndroidManifest.xml:35:27-74
40            </intent-filter>
41        </activity>
42        <activity
42-->src\main\AndroidManifest.xml:39:9-43:53
43            android:name="com.ir.example.IRDetailsActivity"
43-->src\main\AndroidManifest.xml:40:13-60
44            android:exported="true"
44-->src\main\AndroidManifest.xml:42:13-36
45            android:screenOrientation="portrait"
45-->src\main\AndroidManifest.xml:41:13-49
46            android:theme="@style/Theme.AppCompat" />
46-->src\main\AndroidManifest.xml:43:13-51
47        <activity
47-->src\main\AndroidManifest.xml:45:9-49:53
48            android:name="com.ir.example.IRLearnRepeatActivity"
48-->src\main\AndroidManifest.xml:46:13-64
49            android:exported="true"
49-->src\main\AndroidManifest.xml:48:13-36
50            android:screenOrientation="portrait"
50-->src\main\AndroidManifest.xml:47:13-49
51            android:theme="@style/Theme.AppCompat" />
51-->src\main\AndroidManifest.xml:49:13-51
52
53        <service android:name="org.eclipse.paho.android.service.MqttService" />
53-->src\main\AndroidManifest.xml:51:13-83
53-->src\main\AndroidManifest.xml:51:22-81
54
55        <provider
55-->[androidx.emoji2:emoji2:1.0.0] AndroidManifest.xml:26:9-34:20
56            android:name="androidx.startup.InitializationProvider"
56-->[androidx.emoji2:emoji2:1.0.0] AndroidManifest.xml:27:13-67
57            android:authorities="com.ir.example.androidx-startup"
57-->[androidx.emoji2:emoji2:1.0.0] AndroidManifest.xml:28:13-68
58            android:exported="false" >
58-->[androidx.emoji2:emoji2:1.0.0] AndroidManifest.xml:29:13-37
59            <meta-data
59-->[androidx.emoji2:emoji2:1.0.0] AndroidManifest.xml:31:13-33:52
60                android:name="androidx.emoji2.text.EmojiCompatInitializer"
60-->[androidx.emoji2:emoji2:1.0.0] AndroidManifest.xml:32:17-75
61                android:value="androidx.startup" />
61-->[androidx.emoji2:emoji2:1.0.0] AndroidManifest.xml:33:17-49
62            <meta-data
62-->[androidx.lifecycle:lifecycle-process:2.4.0] AndroidManifest.xml:31:13-33:52
63                android:name="androidx.lifecycle.ProcessLifecycleInitializer"
63-->[androidx.lifecycle:lifecycle-process:2.4.0] AndroidManifest.xml:32:17-78
64                android:value="androidx.startup" />
64-->[androidx.lifecycle:lifecycle-process:2.4.0] AndroidManifest.xml:33:17-49
65        </provider>
66        <provider
66-->[androidx.work:work-runtime:2.3.4] AndroidManifest.xml:31:9-37:35
67            android:name="androidx.work.impl.WorkManagerInitializer"
67-->[androidx.work:work-runtime:2.3.4] AndroidManifest.xml:32:13-69
68            android:authorities="com.ir.example.workmanager-init"
68-->[androidx.work:work-runtime:2.3.4] AndroidManifest.xml:33:13-68
69            android:directBootAware="false"
69-->[androidx.work:work-runtime:2.3.4] AndroidManifest.xml:34:13-44
70            android:exported="false"
70-->[androidx.work:work-runtime:2.3.4] AndroidManifest.xml:35:13-37
71            android:multiprocess="true" />
71-->[androidx.work:work-runtime:2.3.4] AndroidManifest.xml:36:13-40
72
73        <service
73-->[androidx.work:work-runtime:2.3.4] AndroidManifest.xml:39:9-44:35
74            android:name="androidx.work.impl.background.systemalarm.SystemAlarmService"
74-->[androidx.work:work-runtime:2.3.4] AndroidManifest.xml:40:13-88
75            android:directBootAware="false"
75-->[androidx.work:work-runtime:2.3.4] AndroidManifest.xml:41:13-44
76            android:enabled="@bool/enable_system_alarm_service_default"
76-->[androidx.work:work-runtime:2.3.4] AndroidManifest.xml:42:13-72
77            android:exported="false" />
77-->[androidx.work:work-runtime:2.3.4] AndroidManifest.xml:43:13-37
78        <service
78-->[androidx.work:work-runtime:2.3.4] AndroidManifest.xml:45:9-51:35
79            android:name="androidx.work.impl.background.systemjob.SystemJobService"
79-->[androidx.work:work-runtime:2.3.4] AndroidManifest.xml:46:13-84
80            android:directBootAware="false"
80-->[androidx.work:work-runtime:2.3.4] AndroidManifest.xml:47:13-44
81            android:enabled="@bool/enable_system_job_service_default"
81-->[androidx.work:work-runtime:2.3.4] AndroidManifest.xml:48:13-70
82            android:exported="true"
82-->[androidx.work:work-runtime:2.3.4] AndroidManifest.xml:49:13-36
83            android:permission="android.permission.BIND_JOB_SERVICE" />
83-->[androidx.work:work-runtime:2.3.4] AndroidManifest.xml:50:13-69
84        <service
84-->[androidx.work:work-runtime:2.3.4] AndroidManifest.xml:52:9-57:35
85            android:name="androidx.work.impl.foreground.SystemForegroundService"
85-->[androidx.work:work-runtime:2.3.4] AndroidManifest.xml:53:13-81
86            android:directBootAware="false"
86-->[androidx.work:work-runtime:2.3.4] AndroidManifest.xml:54:13-44
87            android:enabled="@bool/enable_system_foreground_service_default"
87-->[androidx.work:work-runtime:2.3.4] AndroidManifest.xml:55:13-77
88            android:exported="false" />
88-->[androidx.work:work-runtime:2.3.4] AndroidManifest.xml:56:13-37
89
90        <receiver
90-->[androidx.work:work-runtime:2.3.4] AndroidManifest.xml:59:9-64:35
91            android:name="androidx.work.impl.utils.ForceStopRunnable$BroadcastReceiver"
91-->[androidx.work:work-runtime:2.3.4] AndroidManifest.xml:60:13-88
92            android:directBootAware="false"
92-->[androidx.work:work-runtime:2.3.4] AndroidManifest.xml:61:13-44
93            android:enabled="true"
93-->[androidx.work:work-runtime:2.3.4] AndroidManifest.xml:62:13-35
94            android:exported="false" />
94-->[androidx.work:work-runtime:2.3.4] AndroidManifest.xml:63:13-37
95        <receiver
95-->[androidx.work:work-runtime:2.3.4] AndroidManifest.xml:65:9-75:20
96            android:name="androidx.work.impl.background.systemalarm.ConstraintProxy$BatteryChargingProxy"
96-->[androidx.work:work-runtime:2.3.4] AndroidManifest.xml:66:13-106
97            android:directBootAware="false"
97-->[androidx.work:work-runtime:2.3.4] AndroidManifest.xml:67:13-44
98            android:enabled="false"
98-->[androidx.work:work-runtime:2.3.4] AndroidManifest.xml:68:13-36
99            android:exported="false" >
99-->[androidx.work:work-runtime:2.3.4] AndroidManifest.xml:69:13-37
100            <intent-filter>
100-->[androidx.work:work-runtime:2.3.4] AndroidManifest.xml:71:13-74:29
101                <action android:name="android.intent.action.ACTION_POWER_CONNECTED" />
101-->[androidx.work:work-runtime:2.3.4] AndroidManifest.xml:72:17-87
101-->[androidx.work:work-runtime:2.3.4] AndroidManifest.xml:72:25-84
102                <action android:name="android.intent.action.ACTION_POWER_DISCONNECTED" />
102-->[androidx.work:work-runtime:2.3.4] AndroidManifest.xml:73:17-90
102-->[androidx.work:work-runtime:2.3.4] AndroidManifest.xml:73:25-87
103            </intent-filter>
104        </receiver>
105        <receiver
105-->[androidx.work:work-runtime:2.3.4] AndroidManifest.xml:76:9-86:20
106            android:name="androidx.work.impl.background.systemalarm.ConstraintProxy$BatteryNotLowProxy"
106-->[androidx.work:work-runtime:2.3.4] AndroidManifest.xml:77:13-104
107            android:directBootAware="false"
107-->[androidx.work:work-runtime:2.3.4] AndroidManifest.xml:78:13-44
108            android:enabled="false"
108-->[androidx.work:work-runtime:2.3.4] AndroidManifest.xml:79:13-36
109            android:exported="false" >
109-->[androidx.work:work-runtime:2.3.4] AndroidManifest.xml:80:13-37
110            <intent-filter>
110-->[androidx.work:work-runtime:2.3.4] AndroidManifest.xml:82:13-85:29
111                <action android:name="android.intent.action.BATTERY_OKAY" />
111-->[androidx.work:work-runtime:2.3.4] AndroidManifest.xml:83:17-77
111-->[androidx.work:work-runtime:2.3.4] AndroidManifest.xml:83:25-74
112                <action android:name="android.intent.action.BATTERY_LOW" />
112-->[androidx.work:work-runtime:2.3.4] AndroidManifest.xml:84:17-76
112-->[androidx.work:work-runtime:2.3.4] AndroidManifest.xml:84:25-73
113            </intent-filter>
114        </receiver>
115        <receiver
115-->[androidx.work:work-runtime:2.3.4] AndroidManifest.xml:87:9-97:20
116            android:name="androidx.work.impl.background.systemalarm.ConstraintProxy$StorageNotLowProxy"
116-->[androidx.work:work-runtime:2.3.4] AndroidManifest.xml:88:13-104
117            android:directBootAware="false"
117-->[androidx.work:work-runtime:2.3.4] AndroidManifest.xml:89:13-44
118            android:enabled="false"
118-->[androidx.work:work-runtime:2.3.4] AndroidManifest.xml:90:13-36
119            android:exported="false" >
119-->[androidx.work:work-runtime:2.3.4] AndroidManifest.xml:91:13-37
120            <intent-filter>
120-->[androidx.work:work-runtime:2.3.4] AndroidManifest.xml:93:13-96:29
121                <action android:name="android.intent.action.DEVICE_STORAGE_LOW" />
121-->[androidx.work:work-runtime:2.3.4] AndroidManifest.xml:94:17-83
121-->[androidx.work:work-runtime:2.3.4] AndroidManifest.xml:94:25-80
122                <action android:name="android.intent.action.DEVICE_STORAGE_OK" />
122-->[androidx.work:work-runtime:2.3.4] AndroidManifest.xml:95:17-82
122-->[androidx.work:work-runtime:2.3.4] AndroidManifest.xml:95:25-79
123            </intent-filter>
124        </receiver>
125        <receiver
125-->[androidx.work:work-runtime:2.3.4] AndroidManifest.xml:98:9-107:20
126            android:name="androidx.work.impl.background.systemalarm.ConstraintProxy$NetworkStateProxy"
126-->[androidx.work:work-runtime:2.3.4] AndroidManifest.xml:99:13-103
127            android:directBootAware="false"
127-->[androidx.work:work-runtime:2.3.4] AndroidManifest.xml:100:13-44
128            android:enabled="false"
128-->[androidx.work:work-runtime:2.3.4] AndroidManifest.xml:101:13-36
129            android:exported="false" >
129-->[androidx.work:work-runtime:2.3.4] AndroidManifest.xml:102:13-37
130            <intent-filter>
130-->[androidx.work:work-runtime:2.3.4] AndroidManifest.xml:104:13-106:29
131                <action android:name="android.net.conn.CONNECTIVITY_CHANGE" />
131-->[androidx.work:work-runtime:2.3.4] AndroidManifest.xml:105:17-79
131-->[androidx.work:work-runtime:2.3.4] AndroidManifest.xml:105:25-76
132            </intent-filter>
133        </receiver>
134        <receiver
134-->[androidx.work:work-runtime:2.3.4] AndroidManifest.xml:108:9-119:20
135            android:name="androidx.work.impl.background.systemalarm.RescheduleReceiver"
135-->[androidx.work:work-runtime:2.3.4] AndroidManifest.xml:109:13-88
136            android:directBootAware="false"
136-->[androidx.work:work-runtime:2.3.4] AndroidManifest.xml:110:13-44
137            android:enabled="false"
137-->[androidx.work:work-runtime:2.3.4] AndroidManifest.xml:111:13-36
138            android:exported="false" >
138-->[androidx.work:work-runtime:2.3.4] AndroidManifest.xml:112:13-37
139            <intent-filter>
139-->[androidx.work:work-runtime:2.3.4] AndroidManifest.xml:114:13-118:29
140                <action android:name="android.intent.action.BOOT_COMPLETED" />
140-->[androidx.work:work-runtime:2.3.4] AndroidManifest.xml:115:17-79
140-->[androidx.work:work-runtime:2.3.4] AndroidManifest.xml:115:25-76
141                <action android:name="android.intent.action.TIME_SET" />
141-->[androidx.work:work-runtime:2.3.4] AndroidManifest.xml:116:17-73
141-->[androidx.work:work-runtime:2.3.4] AndroidManifest.xml:116:25-70
142                <action android:name="android.intent.action.TIMEZONE_CHANGED" />
142-->[androidx.work:work-runtime:2.3.4] AndroidManifest.xml:117:17-81
142-->[androidx.work:work-runtime:2.3.4] AndroidManifest.xml:117:25-78
143            </intent-filter>
144        </receiver>
145        <receiver
145-->[androidx.work:work-runtime:2.3.4] AndroidManifest.xml:120:9-129:20
146            android:name="androidx.work.impl.background.systemalarm.ConstraintProxyUpdateReceiver"
146-->[androidx.work:work-runtime:2.3.4] AndroidManifest.xml:121:13-99
147            android:directBootAware="false"
147-->[androidx.work:work-runtime:2.3.4] AndroidManifest.xml:122:13-44
148            android:enabled="@bool/enable_system_alarm_service_default"
148-->[androidx.work:work-runtime:2.3.4] AndroidManifest.xml:123:13-72
149            android:exported="false" >
149-->[androidx.work:work-runtime:2.3.4] AndroidManifest.xml:124:13-37
150            <intent-filter>
150-->[androidx.work:work-runtime:2.3.4] AndroidManifest.xml:126:13-128:29
151                <action android:name="androidx.work.impl.background.systemalarm.UpdateProxies" />
151-->[androidx.work:work-runtime:2.3.4] AndroidManifest.xml:127:17-98
151-->[androidx.work:work-runtime:2.3.4] AndroidManifest.xml:127:25-95
152            </intent-filter>
153        </receiver>
154
155        <service
155-->[androidx.room:room-runtime:2.2.3] AndroidManifest.xml:25:9-27:40
156            android:name="androidx.room.MultiInstanceInvalidationService"
156-->[androidx.room:room-runtime:2.2.3] AndroidManifest.xml:26:13-74
157            android:exported="false" />
157-->[androidx.room:room-runtime:2.2.3] AndroidManifest.xml:27:13-37
158    </application>
159
160</manifest>